<?xml version="1.0" encoding="UTF-8"?>
<testng-results skipped="0" failed="0" ignored="0" total="1" passed="1">
  <reporter-output>
    <line>
      <![CDATA[Test completed]]>
    </line>
  </reporter-output>
  <suite name="Default suite" duration-ms="33411" started-at="2021-01-13T12:13:29Z" finished-at="2021-01-13T12:14:02Z">
    <groups>
    </groups>
    <test name="Default test" duration-ms="33411" started-at="2021-01-13T12:13:29Z" finished-at="2021-01-13T12:14:02Z">
      <class name="facebook.testcases.successful_loginTestcase">
        <test-method status="PASS" signature="Excelsetup()[pri:0, instance:facebook.testcases.successful_loginTestcase@6fa38a]" name="Excelsetup" is-config="true" duration-ms="990" started-at="2021-01-13T12:13:28Z" finished-at="2021-01-13T12:13:29Z">
          <reporter-output>
          </reporter-output>
        </test-method> <!-- Excelsetup -->
        <test-method status="PASS" signature="TocheckWebsiteisopening()[pri:0, instance:facebook.testcases.successful_loginTestcase@6fa38a]" name="TocheckWebsiteisopening" is-config="true" duration-ms="30107" started-at="2021-01-13T12:13:29Z" description="Test Case 1 - To check Website is opening" finished-at="2021-01-13T12:13:59Z">
          <reporter-output>
          </reporter-output>
        </test-method> <!-- TocheckWebsiteisopening -->
        <test-method status="PASS" signature="TocheckUserloggedinsuccessfully()[pri:2, instance:facebook.testcases.successful_loginTestcase@6fa38a]" name="TocheckUserloggedinsuccessfully" duration-ms="3177" started-at="2021-01-13T12:13:59Z" description="Test Case 2 - To check User logged in Successfully" finished-at="2021-01-13T12:14:02Z">
          <reporter-output>
            <line>
              <![CDATA[Test completed]]>
            </line>
          </reporter-output>
        </test-method> <!-- TocheckUserloggedinsuccessfully -->
        <test-method status="PASS" signature="TearDown(org.testng.ITestResult)[pri:0, instance:facebook.testcases.successful_loginTestcase@6fa38a]" name="TearDown" is-config="true" duration-ms="82" started-at="2021-01-13T12:14:02Z" finished-at="2021-01-13T12:14:02Z">
          <params>
            <param index="0">
              <value>
                <![CDATA[[TestResult name=TocheckUserloggedinsuccessfully status=SUCCESS method=successful_loginTestcase.TocheckUserloggedinsuccessfully()[pri:2, instance:facebook.testcases.successful_loginTestcase@6fa38a] output=Test completed]]]>
              </value>
            </param>
          </params>
          <reporter-output>
          </reporter-output>
        </test-method> <!-- TearDown -->
      </class> <!-- facebook.testcases.successful_loginTestcase -->
    </test> <!-- Default test -->
  </suite> <!-- Default suite -->
</testng-results>
